<?xml version="1.0" encoding="UTF-8"?>
<testng-results skipped="0" failed="0" ignored="0" total="4" passed="4">
  <reporter-output>
  </reporter-output>
  <suite name="Default suite" duration-ms="196" started-at="2018-09-18T09:55:23Z" finished-at="2018-09-18T09:55:23Z">
    <groups>
    </groups>
    <test name="Default test" duration-ms="196" started-at="2018-09-18T09:55:23Z" finished-at="2018-09-18T09:55:23Z">
      <class name="com.jenkinss.Testone">
        <test-method status="PASS" signature="div()[pri:0, instance:com.jenkinss.Testone@e874448]" name="div" duration-ms="62" started-at="2018-09-18T09:55:23Z" finished-at="2018-09-18T09:55:23Z">
          <reporter-output>
          </reporter-output>
        </test-method> <!-- div -->
        <test-method status="PASS" signature="multi()[pri:0, instance:com.jenkinss.Testone@e874448]" name="multi" duration-ms="7" started-at="2018-09-18T09:55:23Z" finished-at="2018-09-18T09:55:23Z">
          <reporter-output>
          </reporter-output>
        </test-method> <!-- multi -->
        <test-method status="PASS" signature="sub()[pri:0, instance:com.jenkinss.Testone@e874448]" name="sub" duration-ms="7" started-at="2018-09-18T09:55:23Z" finished-at="2018-09-18T09:55:23Z">
          <reporter-output>
          </reporter-output>
        </test-method> <!-- sub -->
        <test-method status="PASS" signature="sum()[pri:0, instance:com.jenkinss.Testone@e874448]" name="sum" duration-ms="5" started-at="2018-09-18T09:55:23Z" finished-at="2018-09-18T09:55:23Z">
          <reporter-output>
          </reporter-output>
        </test-method> <!-- sum -->
      </class> <!-- com.jenkinss.Testone -->
    </test> <!-- Default test -->
  </suite> <!-- Default suite -->
</testng-results>
